#nodes
0
1
2
3
4
5
6
7
8
9
#edges
0 2
0 3
0 7
0 6
0 1
0 8
0 5
0 4
0 0
1 8
1 7
1 4
2 0
2 8
2 6
2 1
2 4
2 3
2 9
3 2
3 5
3 3
4 2
4 3
5 4
5 5
5 3
5 1
5 0
6 4
6 0
6 7
6 5
6 1
6 6
6 3
6 9
6 8
7 1
7 6
7 4
7 2
7 5
7 0
7 9
8 0
8 2
8 8
8 4
8 6
8 1
8 9
9 9
9 0
9 7
9 4
9 5
9 8
9 3
9 6
#coloring
0 ALIZARIN_CRIMSON
1 SCHOOL_BUS_YELLOW
2 ASPARAGUS
4 MOSS_GREEN
6 INTERNATIONAL_KLEIN_BLUE
6 
4 
2 
1 
0 
0 SCHOOL_BUS_YELLOW
1 ALIZARIN_CRIMSON
2 SCHOOL_BUS_YELLOW
4 ASPARAGUS
6 MOSS_GREEN
7 INTERNATIONAL_KLEIN_BLUE
5 SCHOOL_BUS_YELLOW
8 INTERNATIONAL_KLEIN_BLUE
9 ALIZARIN_CRIMSON
3 INTERNATIONAL_KLEIN_BLUE
#results
0 SCHOOL_BUS_YELLOW
1 ALIZARIN_CRIMSON
2 SCHOOL_BUS_YELLOW
3 INTERNATIONAL_KLEIN_BLUE
4 ASPARAGUS
5 SCHOOL_BUS_YELLOW
6 MOSS_GREEN
7 INTERNATIONAL_KLEIN_BLUE
8 INTERNATIONAL_KLEIN_BLUE
9 ALIZARIN_CRIMSON
