#nodes
0
1
2
3
4
5
6
7
8
9
10
11
12
13
14
15
16
17
18
19
#edges
0 1
0 2
0 3
0 4
2 19
5 7
5 8
5 9
5 10
5 11
5 12
5 13
5 14
5 15
5 16
5 17
6 3
6 4
6 5
6 7
6 8
7 10
7 11
10 13
10 14
10 15
10 16
10 17
10 18
11 12
11 13
12 13
12 14
12 15
12 16
13 18
14 13
14 15
14 16
14 17
14 18
15 0
15 1
15 2
15 3
15 4
15 5
15 6
15 7
15 8
15 9
15 10
15 11
15 12
17 13
17 14
17 15
17 16
17 18
19 9
19 10
19 11
19 12
19 13
19 14
19 15
19 16
19 17
19 18
#coloring
0 CORNFLOWER_BLUE
1 SPRING_GREEN
15 KHAKI
2 SPRING_GREEN
3 SPRING_GREEN
4 SPRING_GREEN
6 CORNFLOWER_BLUE
5 SPRING_GREEN
7 DARK_BLUE
8 DARK_BLUE
10 CORNFLOWER_BLUE
11 CORNFLOWER_BLUE
12 DARK_BLUE
14 NAVY_BLUE
14 
12 
11 
10 
8 
7 
5 
6 
4 
3 
2 
15 
1 
0 
0 SPRING_GREEN
1 CORNFLOWER_BLUE
15 SPRING_GREEN
2 CORNFLOWER_BLUE
19 KHAKI
9 CORNFLOWER_BLUE
5 KHAKI
6 CORNFLOWER_BLUE
7 DARK_BLUE
8 DARK_BLUE
10 CORNFLOWER_BLUE
11 CORNFLOWER_BLUE
12 DARK_BLUE
14 NAVY_BLUE
13 SPRING_GREEN
16 SPRING_GREEN
17 DARK_BLUE
17 
16 
13 
14 
12 
11 
10 
8 
7 
6 
5 
5 CORNFLOWER_BLUE
3 CORNFLOWER_BLUE
6 KHAKI
4 CORNFLOWER_BLUE
7 CORNFLOWER_BLUE
8 CORNFLOWER_BLUE
10 KHAKI
11 KHAKI
12 CORNFLOWER_BLUE
14 DARK_BLUE
13 SPRING_GREEN
16 SPRING_GREEN
17 CORNFLOWER_BLUE
18 NAVY_BLUE
#results
0 SPRING_GREEN
1 CORNFLOWER_BLUE
2 CORNFLOWER_BLUE
3 CORNFLOWER_BLUE
4 CORNFLOWER_BLUE
5 CORNFLOWER_BLUE
6 KHAKI
7 CORNFLOWER_BLUE
8 CORNFLOWER_BLUE
9 CORNFLOWER_BLUE
10 KHAKI
11 KHAKI
12 CORNFLOWER_BLUE
13 SPRING_GREEN
14 DARK_BLUE
15 SPRING_GREEN
16 SPRING_GREEN
17 CORNFLOWER_BLUE
18 NAVY_BLUE
19 KHAKI
