#nodes
0
1
2
3
4
5
6
7
8
9
10
11
12
13
14
15
16
17
18
19
#edges
0 5
0 6
0 7
0 8
0 9
0 10
1 2
1 3
1 4
1 5
1 6
1 7
1 8
1 9
1 10
1 11
1 12
3 17
8 3
8 4
8 5
11 10
13 6
13 7
13 8
13 9
13 10
13 11
13 12
15 4
15 5
15 6
15 7
15 8
16 1
16 2
16 3
16 4
16 5
16 6
16 7
16 8
16 9
16 10
16 11
16 12
16 13
16 14
16 15
17 8
17 9
17 10
17 11
17 12
17 13
18 16
19 5
19 6
19 7
19 8
19 9
19 10
19 11
19 12
19 13
19 14
19 15
19 16
19 17
#coloring
0 THISTLE
5 PINE_GREEN
8 BROWN
1 THISTLE
16 LAVENDER_PINK
3 PINE_GREEN
4 PINE_GREEN
15 THISTLE
19 ORANGE
6 PINE_GREEN
13 THISTLE
17 LAVENDER_PINK
7 PINE_GREEN
9 PINE_GREEN
10 PINE_GREEN
11 BROWN
12 PINE_GREEN
2 PINE_GREEN
14 THISTLE
18 THISTLE
#results
0 THISTLE
1 THISTLE
2 PINE_GREEN
3 PINE_GREEN
4 PINE_GREEN
5 PINE_GREEN
6 PINE_GREEN
7 PINE_GREEN
8 BROWN
9 PINE_GREEN
10 PINE_GREEN
11 BROWN
12 PINE_GREEN
13 THISTLE
14 THISTLE
15 THISTLE
16 LAVENDER_PINK
17 LAVENDER_PINK
18 THISTLE
19 ORANGE
